mode: set
github.com/ynl/greensoulai/internal/memory/entity/entity_memory.go:68.187,73.27 3 1
github.com/ynl/greensoulai/internal/memory/entity/entity_memory.go:73.27,75.3 1 1
github.com/ynl/greensoulai/internal/memory/entity/entity_memory.go:77.2,77.30 1 1
github.com/ynl/greensoulai/internal/memory/entity/entity_memory.go:77.30,81.3 2 0
github.com/ynl/greensoulai/internal/memory/entity/entity_memory.go:81.8,83.24 1 1
github.com/ynl/greensoulai/internal/memory/entity/entity_memory.go:83.24,85.4 1 0
github.com/ynl/greensoulai/internal/memory/entity/entity_memory.go:85.9,88.4 2 1
github.com/ynl/greensoulai/internal/memory/entity/entity_memory.go:91.2,96.3 2 1
github.com/ynl/greensoulai/internal/memory/entity/entity_memory.go:100.123,102.21 1 1
github.com/ynl/greensoulai/internal/memory/entity/entity_memory.go:102.21,104.3 1 1
github.com/ynl/greensoulai/internal/memory/entity/entity_memory.go:106.2,109.56 3 1
github.com/ynl/greensoulai/internal/memory/entity/entity_memory.go:113.175,132.2 3 1
github.com/ynl/greensoulai/internal/memory/entity/entity_memory.go:135.183,148.2 3 1
github.com/ynl/greensoulai/internal/memory/entity/entity_memory.go:151.158,154.22 2 1
github.com/ynl/greensoulai/internal/memory/entity/entity_memory.go:154.22,156.3 1 1
github.com/ynl/greensoulai/internal/memory/entity/entity_memory.go:159.2,160.16 2 1
github.com/ynl/greensoulai/internal/memory/entity/entity_memory.go:160.16,162.3 1 0
github.com/ynl/greensoulai/internal/memory/entity/entity_memory.go:165.2,166.31 2 1
github.com/ynl/greensoulai/internal/memory/entity/entity_memory.go:166.31,167.27 1 1
github.com/ynl/greensoulai/internal/memory/entity/entity_memory.go:167.27,169.87 1 1
github.com/ynl/greensoulai/internal/memory/entity/entity_memory.go:169.87,171.25 1 1
github.com/ynl/greensoulai/internal/memory/entity/entity_memory.go:171.25,173.6 1 1
github.com/ynl/greensoulai/internal/memory/entity/entity_memory.go:173.11,173.99 1 0
github.com/ynl/greensoulai/internal/memory/entity/entity_memory.go:173.99,175.6 1 0
github.com/ynl/greensoulai/internal/memory/entity/entity_memory.go:177.5,177.38 1 1
github.com/ynl/greensoulai/internal/memory/entity/entity_memory.go:177.38,178.11 1 1
github.com/ynl/greensoulai/internal/memory/entity/entity_memory.go:184.2,184.29 1 1
github.com/ynl/greensoulai/internal/memory/entity/entity_memory.go:188.162,192.24 2 1
github.com/ynl/greensoulai/internal/memory/entity/entity_memory.go:192.24,194.3 1 1
github.com/ynl/greensoulai/internal/memory/entity/entity_memory.go:196.2,196.24 1 1
github.com/ynl/greensoulai/internal/memory/entity/entity_memory.go:196.24,198.3 1 1
github.com/ynl/greensoulai/internal/memory/entity/entity_memory.go:200.2,200.24 1 1
github.com/ynl/greensoulai/internal/memory/entity/entity_memory.go:200.24,202.3 1 1
github.com/ynl/greensoulai/internal/memory/entity/entity_memory.go:204.2,205.17 2 1
github.com/ynl/greensoulai/internal/memory/entity/entity_memory.go:205.17,207.3 1 1
github.com/ynl/greensoulai/internal/memory/entity/entity_memory.go:210.2,211.16 2 1
github.com/ynl/greensoulai/internal/memory/entity/entity_memory.go:211.16,213.3 1 0
github.com/ynl/greensoulai/internal/memory/entity/entity_memory.go:216.2,217.31 2 1
github.com/ynl/greensoulai/internal/memory/entity/entity_memory.go:217.31,218.27 1 1
github.com/ynl/greensoulai/internal/memory/entity/entity_memory.go:218.27,219.70 1 1
github.com/ynl/greensoulai/internal/memory/entity/entity_memory.go:219.70,221.38 2 1
github.com/ynl/greensoulai/internal/memory/entity/entity_memory.go:221.38,222.11 1 0
github.com/ynl/greensoulai/internal/memory/entity/entity_memory.go:228.2,228.29 1 1
github.com/ynl/greensoulai/internal/memory/entity/entity_memory.go:232.117,235.16 2 1
github.com/ynl/greensoulai/internal/memory/entity/entity_memory.go:235.16,237.3 1 0
github.com/ynl/greensoulai/internal/memory/entity/entity_memory.go:239.2,239.23 1 1
github.com/ynl/greensoulai/internal/memory/entity/entity_memory.go:239.23,241.3 1 1
github.com/ynl/greensoulai/internal/memory/entity/entity_memory.go:244.2,244.86 1 1
github.com/ynl/greensoulai/internal/memory/entity/entity_memory.go:244.86,246.3 1 1
github.com/ynl/greensoulai/internal/memory/entity/entity_memory.go:248.2,248.42 1 0
github.com/ynl/greensoulai/internal/memory/entity/entity_memory.go:252.135,255.16 2 1
github.com/ynl/greensoulai/internal/memory/entity/entity_memory.go:255.16,257.3 1 0
github.com/ynl/greensoulai/internal/memory/entity/entity_memory.go:259.2,260.31 2 1
github.com/ynl/greensoulai/internal/memory/entity/entity_memory.go:260.31,261.27 1 1
github.com/ynl/greensoulai/internal/memory/entity/entity_memory.go:261.27,262.71 1 1
github.com/ynl/greensoulai/internal/memory/entity/entity_memory.go:262.71,263.67 1 1
github.com/ynl/greensoulai/internal/memory/entity/entity_memory.go:263.67,275.6 4 1
github.com/ynl/greensoulai/internal/memory/entity/entity_memory.go:280.2,280.27 1 1
github.com/ynl/greensoulai/internal/memory/entity/entity_memory.go:284.146,287.16 2 1
github.com/ynl/greensoulai/internal/memory/entity/entity_memory.go:287.16,290.3 1 1
github.com/ynl/greensoulai/internal/memory/entity/entity_memory.go:293.2,293.40 1 1
github.com/ynl/greensoulai/internal/memory/entity/entity_memory.go:293.40,295.3 1 1
github.com/ynl/greensoulai/internal/memory/entity/entity_memory.go:298.2,298.81 1 1
github.com/ynl/greensoulai/internal/memory/entity/entity_memory.go:302.118,305.16 2 1
github.com/ynl/greensoulai/internal/memory/entity/entity_memory.go:305.16,307.3 1 0
github.com/ynl/greensoulai/internal/memory/entity/entity_memory.go:309.2,317.15 2 1
github.com/ynl/greensoulai/internal/memory/entity/entity_memory.go:317.15,319.37 2 1
github.com/ynl/greensoulai/internal/memory/entity/entity_memory.go:319.37,321.18 2 1
github.com/ynl/greensoulai/internal/memory/entity/entity_memory.go:321.18,323.5 1 1
github.com/ynl/greensoulai/internal/memory/entity/entity_memory.go:325.3,325.58 1 1
github.com/ynl/greensoulai/internal/memory/entity/entity_memory.go:328.2,328.21 1 1
