mode: set
github.com/ynl/greensoulai/internal/evaluation/crew_evaluator.go:36.22,38.19 1 0
github.com/ynl/greensoulai/internal/evaluation/crew_evaluator.go:38.19,40.3 1 0
github.com/ynl/greensoulai/internal/evaluation/crew_evaluator.go:42.2,53.18 2 0
github.com/ynl/greensoulai/internal/evaluation/crew_evaluator.go:57.87,60.17 2 0
github.com/ynl/greensoulai/internal/evaluation/crew_evaluator.go:60.17,62.3 1 0
github.com/ynl/greensoulai/internal/evaluation/crew_evaluator.go:64.2,70.21 5 0
github.com/ynl/greensoulai/internal/evaluation/crew_evaluator.go:70.21,72.3 1 0
github.com/ynl/greensoulai/internal/evaluation/crew_evaluator.go:75.2,75.24 1 0
github.com/ynl/greensoulai/internal/evaluation/crew_evaluator.go:75.24,79.3 1 0
github.com/ynl/greensoulai/internal/evaluation/crew_evaluator.go:81.2,88.59 2 0
github.com/ynl/greensoulai/internal/evaluation/crew_evaluator.go:88.59,90.13 1 0
github.com/ynl/greensoulai/internal/evaluation/crew_evaluator.go:90.13,92.22 2 0
github.com/ynl/greensoulai/internal/evaluation/crew_evaluator.go:92.22,97.5 1 0
github.com/ynl/greensoulai/internal/evaluation/crew_evaluator.go:97.10,102.5 1 0
github.com/ynl/greensoulai/internal/evaluation/crew_evaluator.go:106.2,106.16 1 0
github.com/ynl/greensoulai/internal/evaluation/crew_evaluator.go:106.16,108.25 2 0
github.com/ynl/greensoulai/internal/evaluation/crew_evaluator.go:108.25,113.4 1 0
github.com/ynl/greensoulai/internal/evaluation/crew_evaluator.go:114.3,114.101 1 0
github.com/ynl/greensoulai/internal/evaluation/crew_evaluator.go:117.2,123.24 3 0
github.com/ynl/greensoulai/internal/evaluation/crew_evaluator.go:123.24,128.3 1 0
github.com/ynl/greensoulai/internal/evaluation/crew_evaluator.go:130.2,130.12 1 0
github.com/ynl/greensoulai/internal/evaluation/crew_evaluator.go:134.123,137.23 2 0
github.com/ynl/greensoulai/internal/evaluation/crew_evaluator.go:137.23,139.3 1 0
github.com/ynl/greensoulai/internal/evaluation/crew_evaluator.go:141.2,148.24 2 0
github.com/ynl/greensoulai/internal/evaluation/crew_evaluator.go:148.24,152.3 1 0
github.com/ynl/greensoulai/internal/evaluation/crew_evaluator.go:155.2,156.16 2 0
github.com/ynl/greensoulai/internal/evaluation/crew_evaluator.go:156.16,161.25 2 0
github.com/ynl/greensoulai/internal/evaluation/crew_evaluator.go:161.25,166.4 1 0
github.com/ynl/greensoulai/internal/evaluation/crew_evaluator.go:167.3,167.109 1 0
github.com/ynl/greensoulai/internal/evaluation/crew_evaluator.go:171.2,172.16 2 0
github.com/ynl/greensoulai/internal/evaluation/crew_evaluator.go:172.16,176.25 2 0
github.com/ynl/greensoulai/internal/evaluation/crew_evaluator.go:176.25,181.4 1 0
github.com/ynl/greensoulai/internal/evaluation/crew_evaluator.go:182.3,182.119 1 0
github.com/ynl/greensoulai/internal/evaluation/crew_evaluator.go:186.2,187.16 2 0
github.com/ynl/greensoulai/internal/evaluation/crew_evaluator.go:187.16,191.25 2 0
github.com/ynl/greensoulai/internal/evaluation/crew_evaluator.go:191.25,196.4 1 0
github.com/ynl/greensoulai/internal/evaluation/crew_evaluator.go:197.3,197.119 1 0
github.com/ynl/greensoulai/internal/evaluation/crew_evaluator.go:201.2,202.16 2 0
github.com/ynl/greensoulai/internal/evaluation/crew_evaluator.go:202.16,206.25 2 0
github.com/ynl/greensoulai/internal/evaluation/crew_evaluator.go:206.25,211.4 1 0
github.com/ynl/greensoulai/internal/evaluation/crew_evaluator.go:212.3,212.109 1 0
github.com/ynl/greensoulai/internal/evaluation/crew_evaluator.go:216.2,217.16 2 0
github.com/ynl/greensoulai/internal/evaluation/crew_evaluator.go:217.16,221.25 2 0
github.com/ynl/greensoulai/internal/evaluation/crew_evaluator.go:221.25,226.4 1 0
github.com/ynl/greensoulai/internal/evaluation/crew_evaluator.go:227.3,227.112 1 0
github.com/ynl/greensoulai/internal/evaluation/crew_evaluator.go:231.2,236.24 3 0
github.com/ynl/greensoulai/internal/evaluation/crew_evaluator.go:236.24,255.3 4 0
github.com/ynl/greensoulai/internal/evaluation/crew_evaluator.go:257.2,263.28 2 0
github.com/ynl/greensoulai/internal/evaluation/crew_evaluator.go:267.58,271.2 3 0
github.com/ynl/greensoulai/internal/evaluation/crew_evaluator.go:274.49,278.2 3 0
github.com/ynl/greensoulai/internal/evaluation/crew_evaluator.go:281.83,285.30 3 0
github.com/ynl/greensoulai/internal/evaluation/crew_evaluator.go:285.30,288.3 2 0
github.com/ynl/greensoulai/internal/evaluation/crew_evaluator.go:291.2,307.48 5 0
github.com/ynl/greensoulai/internal/evaluation/crew_evaluator.go:307.48,314.57 3 0
github.com/ynl/greensoulai/internal/evaluation/crew_evaluator.go:314.57,319.4 1 0
github.com/ynl/greensoulai/internal/evaluation/crew_evaluator.go:322.2,322.12 1 0
github.com/ynl/greensoulai/internal/evaluation/crew_evaluator.go:326.74,333.2 5 0
github.com/ynl/greensoulai/internal/evaluation/crew_evaluator.go:336.65,342.35 4 0
github.com/ynl/greensoulai/internal/evaluation/crew_evaluator.go:342.35,344.3 1 0
github.com/ynl/greensoulai/internal/evaluation/crew_evaluator.go:345.2,345.15 1 0
github.com/ynl/greensoulai/internal/evaluation/crew_evaluator.go:349.68,355.41 4 0
github.com/ynl/greensoulai/internal/evaluation/crew_evaluator.go:355.41,357.3 1 0
github.com/ynl/greensoulai/internal/evaluation/crew_evaluator.go:358.2,358.15 1 0
github.com/ynl/greensoulai/internal/evaluation/crew_evaluator.go:362.44,372.2 7 0
github.com/ynl/greensoulai/internal/evaluation/crew_evaluator.go:375.66,379.2 3 0
github.com/ynl/greensoulai/internal/evaluation/crew_evaluator.go:382.60,386.2 3 0
github.com/ynl/greensoulai/internal/evaluation/crew_evaluator.go:391.85,395.29 2 0
github.com/ynl/greensoulai/internal/evaluation/crew_evaluator.go:395.29,396.30 1 0
github.com/ynl/greensoulai/internal/evaluation/crew_evaluator.go:396.30,397.41 1 0
github.com/ynl/greensoulai/internal/evaluation/crew_evaluator.go:397.41,399.5 1 0
github.com/ynl/greensoulai/internal/evaluation/crew_evaluator.go:404.2,404.29 1 0
github.com/ynl/greensoulai/internal/evaluation/crew_evaluator.go:404.29,405.54 1 0
github.com/ynl/greensoulai/internal/evaluation/crew_evaluator.go:405.54,407.4 1 0
github.com/ynl/greensoulai/internal/evaluation/crew_evaluator.go:410.2,412.64 1 0
github.com/ynl/greensoulai/internal/evaluation/crew_evaluator.go:416.93,435.2 1 0
github.com/ynl/greensoulai/internal/evaluation/crew_evaluator.go:438.154,468.2 1 0
github.com/ynl/greensoulai/internal/evaluation/crew_evaluator.go:471.115,472.23 1 0
github.com/ynl/greensoulai/internal/evaluation/crew_evaluator.go:472.23,474.3 1 0
github.com/ynl/greensoulai/internal/evaluation/crew_evaluator.go:476.2,479.32 2 0
github.com/ynl/greensoulai/internal/evaluation/crew_evaluator.go:479.32,480.56 1 0
github.com/ynl/greensoulai/internal/evaluation/crew_evaluator.go:480.56,481.49 1 0
github.com/ynl/greensoulai/internal/evaluation/crew_evaluator.go:481.49,484.5 2 0
github.com/ynl/greensoulai/internal/evaluation/crew_evaluator.go:489.2,489.32 1 0
github.com/ynl/greensoulai/internal/evaluation/crew_evaluator.go:489.32,490.84 1 0
github.com/ynl/greensoulai/internal/evaluation/crew_evaluator.go:490.84,492.4 1 0
github.com/ynl/greensoulai/internal/evaluation/crew_evaluator.go:496.2,496.26 1 0
github.com/ynl/greensoulai/internal/evaluation/crew_evaluator.go:496.26,498.17 2 0
github.com/ynl/greensoulai/internal/evaluation/crew_evaluator.go:498.17,501.4 1 0
github.com/ynl/greensoulai/internal/evaluation/crew_evaluator.go:502.3,502.21 1 0
github.com/ynl/greensoulai/internal/evaluation/crew_evaluator.go:505.2,505.127 1 0
github.com/ynl/greensoulai/internal/evaluation/crew_evaluator.go:509.103,514.33 3 0
github.com/ynl/greensoulai/internal/evaluation/crew_evaluator.go:514.33,518.18 2 0
github.com/ynl/greensoulai/internal/evaluation/crew_evaluator.go:518.18,520.4 1 0
github.com/ynl/greensoulai/internal/evaluation/crew_evaluator.go:520.9,520.26 1 0
github.com/ynl/greensoulai/internal/evaluation/crew_evaluator.go:520.26,522.4 1 0
github.com/ynl/greensoulai/internal/evaluation/crew_evaluator.go:526.2,526.41 1 0
github.com/ynl/greensoulai/internal/evaluation/crew_evaluator.go:526.41,528.3 1 0
github.com/ynl/greensoulai/internal/evaluation/crew_evaluator.go:529.2,533.47 3 0
github.com/ynl/greensoulai/internal/evaluation/crew_evaluator.go:533.47,535.3 1 0
github.com/ynl/greensoulai/internal/evaluation/crew_evaluator.go:536.2,536.98 1 0
github.com/ynl/greensoulai/internal/evaluation/crew_evaluator.go:540.79,549.2 1 0
github.com/ynl/greensoulai/internal/evaluation/crew_evaluator.go:552.66,554.35 2 0
github.com/ynl/greensoulai/internal/evaluation/crew_evaluator.go:554.35,556.3 1 0
github.com/ynl/greensoulai/internal/evaluation/crew_evaluator.go:557.2,557.15 1 0
github.com/ynl/greensoulai/internal/evaluation/crew_evaluator.go:561.69,563.41 2 0
github.com/ynl/greensoulai/internal/evaluation/crew_evaluator.go:563.41,565.3 1 0
github.com/ynl/greensoulai/internal/evaluation/crew_evaluator.go:566.2,566.15 1 0
github.com/ynl/greensoulai/internal/evaluation/crew_evaluator.go:570.70,571.9 1 0
github.com/ynl/greensoulai/internal/evaluation/crew_evaluator.go:572.20,573.14 1 0
github.com/ynl/greensoulai/internal/evaluation/crew_evaluator.go:574.20,575.13 1 0
github.com/ynl/greensoulai/internal/evaluation/crew_evaluator.go:576.20,577.13 1 0
github.com/ynl/greensoulai/internal/evaluation/crew_evaluator.go:578.20,579.13 1 0
github.com/ynl/greensoulai/internal/evaluation/crew_evaluator.go:580.20,581.13 1 0
github.com/ynl/greensoulai/internal/evaluation/crew_evaluator.go:582.10,583.13 1 0
github.com/ynl/greensoulai/internal/evaluation/errors.go:17.129,26.2 1 1
github.com/ynl/greensoulai/internal/evaluation/errors.go:28.51,31.2 1 1
github.com/ynl/greensoulai/internal/evaluation/errors.go:33.51,35.2 1 1
github.com/ynl/greensoulai/internal/evaluation/errors.go:44.84,50.2 1 1
github.com/ynl/greensoulai/internal/evaluation/errors.go:52.48,54.2 1 1
github.com/ynl/greensoulai/internal/evaluation/errors.go:64.108,71.2 1 1
github.com/ynl/greensoulai/internal/evaluation/errors.go:73.49,74.18 1 1
github.com/ynl/greensoulai/internal/evaluation/errors.go:74.18,77.3 1 1
github.com/ynl/greensoulai/internal/evaluation/errors.go:78.2,79.42 1 1
github.com/ynl/greensoulai/internal/evaluation/errors.go:82.49,84.2 1 1
github.com/ynl/greensoulai/internal/evaluation/errors.go:94.84,101.2 1 1
github.com/ynl/greensoulai/internal/evaluation/errors.go:103.42,104.20 1 1
github.com/ynl/greensoulai/internal/evaluation/errors.go:104.20,107.3 1 1
github.com/ynl/greensoulai/internal/evaluation/errors.go:108.2,108.90 1 1
github.com/ynl/greensoulai/internal/evaluation/errors.go:111.42,113.2 1 1
github.com/ynl/greensoulai/internal/evaluation/errors.go:123.103,130.2 1 1
github.com/ynl/greensoulai/internal/evaluation/errors.go:132.47,135.2 1 1
github.com/ynl/greensoulai/internal/evaluation/errors.go:146.95,154.2 1 1
github.com/ynl/greensoulai/internal/evaluation/errors.go:156.43,158.2 1 1
github.com/ynl/greensoulai/internal/evaluation/errors.go:160.43,162.2 1 1
github.com/ynl/greensoulai/internal/evaluation/errors.go:172.105,179.2 1 1
github.com/ynl/greensoulai/internal/evaluation/errors.go:181.49,184.2 1 1
github.com/ynl/greensoulai/internal/evaluation/errors.go:186.49,188.2 1 1
github.com/ynl/greensoulai/internal/evaluation/errors.go:196.91,201.2 1 1
github.com/ynl/greensoulai/internal/evaluation/errors.go:203.46,205.2 1 1
github.com/ynl/greensoulai/internal/evaluation/errors.go:217.114,226.2 1 1
github.com/ynl/greensoulai/internal/evaluation/errors.go:228.47,229.20 1 1
github.com/ynl/greensoulai/internal/evaluation/errors.go:229.20,232.3 1 1
github.com/ynl/greensoulai/internal/evaluation/errors.go:233.2,234.53 1 1
github.com/ynl/greensoulai/internal/evaluation/errors.go:237.47,239.2 1 1
github.com/ynl/greensoulai/internal/evaluation/errors.go:291.40,292.16 1 1
github.com/ynl/greensoulai/internal/evaluation/errors.go:292.16,294.3 1 1
github.com/ynl/greensoulai/internal/evaluation/errors.go:296.2,296.20 1 1
github.com/ynl/greensoulai/internal/evaluation/errors.go:299.72,300.14 1 1
github.com/ynl/greensoulai/internal/evaluation/errors.go:301.10,302.15 1 1
github.com/ynl/greensoulai/internal/evaluation/errors.go:307.37,308.16 1 1
github.com/ynl/greensoulai/internal/evaluation/errors.go:308.16,310.3 1 1
github.com/ynl/greensoulai/internal/evaluation/errors.go:312.2,312.20 1 1
github.com/ynl/greensoulai/internal/evaluation/errors.go:313.33,314.38 1 1
github.com/ynl/greensoulai/internal/evaluation/errors.go:315.30,316.35 1 1
github.com/ynl/greensoulai/internal/evaluation/errors.go:317.31,318.36 1 1
github.com/ynl/greensoulai/internal/evaluation/errors.go:319.24,320.29 1 1
github.com/ynl/greensoulai/internal/evaluation/errors.go:321.29,322.34 1 1
github.com/ynl/greensoulai/internal/evaluation/errors.go:323.25,324.30 1 1
github.com/ynl/greensoulai/internal/evaluation/errors.go:325.31,326.36 1 1
github.com/ynl/greensoulai/internal/evaluation/errors.go:327.28,328.33 1 1
github.com/ynl/greensoulai/internal/evaluation/errors.go:329.29,330.34 1 1
github.com/ynl/greensoulai/internal/evaluation/errors.go:331.10,332.25 1 1
github.com/ynl/greensoulai/internal/evaluation/events.go:39.160,58.2 1 1
github.com/ynl/greensoulai/internal/evaluation/events.go:73.206,99.2 1 1
github.com/ynl/greensoulai/internal/evaluation/events.go:113.174,137.2 1 1
github.com/ynl/greensoulai/internal/evaluation/events.go:151.213,174.2 1 1
github.com/ynl/greensoulai/internal/evaluation/events.go:189.181,214.2 1 1
github.com/ynl/greensoulai/internal/evaluation/events.go:228.171,252.2 1 1
github.com/ynl/greensoulai/internal/evaluation/events.go:263.140,281.2 1 1
github.com/ynl/greensoulai/internal/evaluation/events.go:293.156,313.2 1 1
github.com/ynl/greensoulai/internal/evaluation/events.go:328.240,353.2 1 1
github.com/ynl/greensoulai/internal/evaluation/events.go:367.189,391.2 1 1
github.com/ynl/greensoulai/internal/evaluation/events.go:402.183,418.2 1 1
github.com/ynl/greensoulai/internal/evaluation/events.go:433.207,435.20 2 1
github.com/ynl/greensoulai/internal/evaluation/events.go:435.20,437.3 1 1
github.com/ynl/greensoulai/internal/evaluation/events.go:439.2,463.3 1 1
github.com/ynl/greensoulai/internal/evaluation/models.go:18.43,20.2 1 1
github.com/ynl/greensoulai/internal/evaluation/models.go:23.41,25.2 1 1
github.com/ynl/greensoulai/internal/evaluation/models.go:34.65,36.16 2 1
github.com/ynl/greensoulai/internal/evaluation/models.go:36.16,38.3 1 0
github.com/ynl/greensoulai/internal/evaluation/models.go:39.2,39.27 1 1
github.com/ynl/greensoulai/internal/evaluation/models.go:43.71,45.2 1 1
github.com/ynl/greensoulai/internal/evaluation/models.go:81.52,82.17 1 1
github.com/ynl/greensoulai/internal/evaluation/models.go:82.17,84.3 1 1
github.com/ynl/greensoulai/internal/evaluation/models.go:86.2,86.72 1 1
github.com/ynl/greensoulai/internal/evaluation/models.go:90.44,92.9 2 1
github.com/ynl/greensoulai/internal/evaluation/models.go:93.20,94.14 1 1
github.com/ynl/greensoulai/internal/evaluation/models.go:95.20,96.13 1 1
github.com/ynl/greensoulai/internal/evaluation/models.go:97.20,98.13 1 1
github.com/ynl/greensoulai/internal/evaluation/models.go:99.20,100.13 1 1
github.com/ynl/greensoulai/internal/evaluation/models.go:101.20,102.13 1 1
github.com/ynl/greensoulai/internal/evaluation/models.go:103.10,104.13 1 1
github.com/ynl/greensoulai/internal/evaluation/models.go:136.59,137.25 1 1
github.com/ynl/greensoulai/internal/evaluation/models.go:137.25,139.3 1 1
github.com/ynl/greensoulai/internal/evaluation/models.go:141.2,142.34 2 1
github.com/ynl/greensoulai/internal/evaluation/models.go:142.34,144.3 1 1
github.com/ynl/greensoulai/internal/evaluation/models.go:145.2,145.40 1 1
github.com/ynl/greensoulai/internal/evaluation/models.go:165.49,166.29 1 1
github.com/ynl/greensoulai/internal/evaluation/models.go:166.29,168.3 1 1
github.com/ynl/greensoulai/internal/evaluation/models.go:170.2,175.39 5 1
github.com/ynl/greensoulai/internal/evaluation/models.go:175.39,176.32 1 1
github.com/ynl/greensoulai/internal/evaluation/models.go:176.32,179.20 3 1
github.com/ynl/greensoulai/internal/evaluation/models.go:179.20,181.5 1 1
github.com/ynl/greensoulai/internal/evaluation/models.go:185.2,185.41 1 1
github.com/ynl/greensoulai/internal/evaluation/models.go:185.41,186.30 1 1
github.com/ynl/greensoulai/internal/evaluation/models.go:186.30,188.4 1 1
github.com/ynl/greensoulai/internal/evaluation/models.go:191.2,191.20 1 1
github.com/ynl/greensoulai/internal/evaluation/models.go:191.20,197.3 5 1
github.com/ynl/greensoulai/internal/evaluation/models.go:201.61,202.9 1 1
github.com/ynl/greensoulai/internal/evaluation/models.go:203.29,204.21 1 1
github.com/ynl/greensoulai/internal/evaluation/models.go:205.29,206.21 1 1
github.com/ynl/greensoulai/internal/evaluation/models.go:207.29,208.16 1 1
github.com/ynl/greensoulai/internal/evaluation/models.go:209.29,210.24 1 1
github.com/ynl/greensoulai/internal/evaluation/models.go:211.29,212.29 1 1
github.com/ynl/greensoulai/internal/evaluation/models.go:213.10,214.16 1 1
github.com/ynl/greensoulai/internal/evaluation/models.go:233.41,235.2 1 1
github.com/ynl/greensoulai/internal/evaluation/models.go:238.40,239.11 1 1
github.com/ynl/greensoulai/internal/evaluation/models.go:242.52,243.14 1 1
github.com/ynl/greensoulai/internal/evaluation/models.go:244.10,245.15 1 1
github.com/ynl/greensoulai/internal/evaluation/models.go:262.50,277.2 1 1
github.com/ynl/greensoulai/internal/evaluation/models.go:280.45,281.26 1 1
github.com/ynl/greensoulai/internal/evaluation/models.go:281.26,283.3 1 1
github.com/ynl/greensoulai/internal/evaluation/models.go:284.2,284.22 1 1
github.com/ynl/greensoulai/internal/evaluation/models.go:284.22,286.3 1 1
github.com/ynl/greensoulai/internal/evaluation/models.go:287.2,287.26 1 1
github.com/ynl/greensoulai/internal/evaluation/models.go:287.26,289.3 1 0
github.com/ynl/greensoulai/internal/evaluation/models.go:290.2,290.47 1 1
github.com/ynl/greensoulai/internal/evaluation/models.go:290.47,292.3 1 1
github.com/ynl/greensoulai/internal/evaluation/models.go:293.2,293.40 1 1
github.com/ynl/greensoulai/internal/evaluation/models.go:293.40,294.26 1 1
github.com/ynl/greensoulai/internal/evaluation/models.go:294.26,296.4 1 1
github.com/ynl/greensoulai/internal/evaluation/models.go:298.2,298.12 1 1
github.com/ynl/greensoulai/internal/evaluation/task_evaluator.go:35.22,37.19 1 0
github.com/ynl/greensoulai/internal/evaluation/task_evaluator.go:37.19,39.3 1 0
github.com/ynl/greensoulai/internal/evaluation/task_evaluator.go:42.2,42.44 1 0
github.com/ynl/greensoulai/internal/evaluation/task_evaluator.go:42.44,44.3 1 0
github.com/ynl/greensoulai/internal/evaluation/task_evaluator.go:46.2,52.3 1 0
github.com/ynl/greensoulai/internal/evaluation/task_evaluator.go:56.111,59.17 2 0
github.com/ynl/greensoulai/internal/evaluation/task_evaluator.go:59.17,61.3 1 0
github.com/ynl/greensoulai/internal/evaluation/task_evaluator.go:62.2,62.18 1 0
github.com/ynl/greensoulai/internal/evaluation/task_evaluator.go:62.18,64.3 1 0
github.com/ynl/greensoulai/internal/evaluation/task_evaluator.go:66.2,73.24 2 0
github.com/ynl/greensoulai/internal/evaluation/task_evaluator.go:73.24,77.3 1 0
github.com/ynl/greensoulai/internal/evaluation/task_evaluator.go:80.2,87.19 4 0
github.com/ynl/greensoulai/internal/evaluation/task_evaluator.go:87.19,89.3 1 0
github.com/ynl/greensoulai/internal/evaluation/task_evaluator.go:91.2,91.30 1 0
github.com/ynl/greensoulai/internal/evaluation/task_evaluator.go:91.30,95.3 2 0
github.com/ynl/greensoulai/internal/evaluation/task_evaluator.go:98.2,99.16 2 0
github.com/ynl/greensoulai/internal/evaluation/task_evaluator.go:99.16,107.25 3 0
github.com/ynl/greensoulai/internal/evaluation/task_evaluator.go:107.25,112.4 1 0
github.com/ynl/greensoulai/internal/evaluation/task_evaluator.go:114.3,114.91 1 0
github.com/ynl/greensoulai/internal/evaluation/task_evaluator.go:118.2,121.32 4 0
github.com/ynl/greensoulai/internal/evaluation/task_evaluator.go:121.32,123.3 1 0
github.com/ynl/greensoulai/internal/evaluation/task_evaluator.go:124.2,136.24 5 0
github.com/ynl/greensoulai/internal/evaluation/task_evaluator.go:136.24,141.3 1 0
github.com/ynl/greensoulai/internal/evaluation/task_evaluator.go:143.2,143.24 1 0
github.com/ynl/greensoulai/internal/evaluation/task_evaluator.go:147.158,150.25 2 0
github.com/ynl/greensoulai/internal/evaluation/task_evaluator.go:150.25,152.3 1 0
github.com/ynl/greensoulai/internal/evaluation/task_evaluator.go:153.2,153.19 1 0
github.com/ynl/greensoulai/internal/evaluation/task_evaluator.go:153.19,155.3 1 0
github.com/ynl/greensoulai/internal/evaluation/task_evaluator.go:157.2,168.48 7 0
github.com/ynl/greensoulai/internal/evaluation/task_evaluator.go:168.48,170.3 1 0
github.com/ynl/greensoulai/internal/evaluation/task_evaluator.go:170.8,170.61 1 0
github.com/ynl/greensoulai/internal/evaluation/task_evaluator.go:170.61,172.3 1 0
github.com/ynl/greensoulai/internal/evaluation/task_evaluator.go:175.2,179.16 3 0
github.com/ynl/greensoulai/internal/evaluation/task_evaluator.go:179.16,186.3 2 0
github.com/ynl/greensoulai/internal/evaluation/task_evaluator.go:189.2,219.20 8 0
github.com/ynl/greensoulai/internal/evaluation/task_evaluator.go:223.66,227.2 3 0
github.com/ynl/greensoulai/internal/evaluation/task_evaluator.go:230.61,234.2 3 0
github.com/ynl/greensoulai/internal/evaluation/task_evaluator.go:237.56,238.16 1 0
github.com/ynl/greensoulai/internal/evaluation/task_evaluator.go:238.16,240.3 1 0
github.com/ynl/greensoulai/internal/evaluation/task_evaluator.go:242.2,245.12 4 0
github.com/ynl/greensoulai/internal/evaluation/task_evaluator.go:249.47,253.2 3 0
github.com/ynl/greensoulai/internal/evaluation/task_evaluator.go:256.66,260.2 3 0
github.com/ynl/greensoulai/internal/evaluation/task_evaluator.go:263.60,267.2 3 0
github.com/ynl/greensoulai/internal/evaluation/task_evaluator.go:272.84,294.2 1 0
github.com/ynl/greensoulai/internal/evaluation/task_evaluator.go:297.124,320.2 1 0
github.com/ynl/greensoulai/internal/evaluation/task_evaluator.go:323.129,324.19 1 0
github.com/ynl/greensoulai/internal/evaluation/task_evaluator.go:324.19,326.3 1 0
github.com/ynl/greensoulai/internal/evaluation/task_evaluator.go:329.2,344.34 4 0
github.com/ynl/greensoulai/internal/evaluation/task_evaluator.go:344.34,347.3 2 0
github.com/ynl/greensoulai/internal/evaluation/task_evaluator.go:350.2,351.16 2 0
github.com/ynl/greensoulai/internal/evaluation/task_evaluator.go:351.16,353.3 1 0
github.com/ynl/greensoulai/internal/evaluation/task_evaluator.go:355.2,355.28 1 0
github.com/ynl/greensoulai/internal/evaluation/task_evaluator.go:355.28,357.3 1 0
github.com/ynl/greensoulai/internal/evaluation/task_evaluator.go:360.2,361.16 2 0
github.com/ynl/greensoulai/internal/evaluation/task_evaluator.go:361.16,363.3 1 0
github.com/ynl/greensoulai/internal/evaluation/task_evaluator.go:365.2,365.24 1 0
github.com/ynl/greensoulai/internal/evaluation/task_evaluator.go:369.123,373.2 2 0
github.com/ynl/greensoulai/internal/evaluation/task_evaluator.go:376.105,385.68 2 0
github.com/ynl/greensoulai/internal/evaluation/task_evaluator.go:385.68,388.3 1 0
github.com/ynl/greensoulai/internal/evaluation/task_evaluator.go:391.2,391.47 1 0
github.com/ynl/greensoulai/internal/evaluation/task_evaluator.go:395.114,403.50 2 0
github.com/ynl/greensoulai/internal/evaluation/task_evaluator.go:403.50,405.3 1 0
github.com/ynl/greensoulai/internal/evaluation/task_evaluator.go:406.2,406.71 1 0
github.com/ynl/greensoulai/internal/evaluation/task_evaluator.go:406.71,408.3 1 0
github.com/ynl/greensoulai/internal/evaluation/task_evaluator.go:409.2,409.65 1 0
github.com/ynl/greensoulai/internal/evaluation/task_evaluator.go:409.65,411.3 1 0
github.com/ynl/greensoulai/internal/evaluation/task_evaluator.go:412.2,412.73 1 0
github.com/ynl/greensoulai/internal/evaluation/task_evaluator.go:412.73,414.3 1 0
github.com/ynl/greensoulai/internal/evaluation/task_evaluator.go:417.2,417.55 1 0
github.com/ynl/greensoulai/internal/evaluation/task_evaluator.go:417.55,419.3 1 0
github.com/ynl/greensoulai/internal/evaluation/task_evaluator.go:422.2,422.68 1 0
github.com/ynl/greensoulai/internal/evaluation/task_evaluator.go:422.68,423.42 1 0
github.com/ynl/greensoulai/internal/evaluation/task_evaluator.go:423.42,424.52 1 0
github.com/ynl/greensoulai/internal/evaluation/task_evaluator.go:424.52,426.5 1 0
github.com/ynl/greensoulai/internal/evaluation/task_evaluator.go:431.2,431.129 1 0
github.com/ynl/greensoulai/internal/evaluation/task_evaluator.go:431.129,433.3 1 0
github.com/ynl/greensoulai/internal/evaluation/task_evaluator.go:433.8,433.34 1 0
github.com/ynl/greensoulai/internal/evaluation/task_evaluator.go:433.34,439.3 4 0
github.com/ynl/greensoulai/internal/evaluation/task_evaluator.go:441.2,441.24 1 0
github.com/ynl/greensoulai/internal/evaluation/task_evaluator.go:445.98,455.59 2 0
github.com/ynl/greensoulai/internal/evaluation/task_evaluator.go:455.59,461.3 4 0
github.com/ynl/greensoulai/internal/evaluation/task_evaluator.go:461.8,465.3 3 0
github.com/ynl/greensoulai/internal/evaluation/task_evaluator.go:467.2,467.24 1 0
github.com/ynl/greensoulai/internal/evaluation/task_evaluator.go:471.79,476.29 3 0
github.com/ynl/greensoulai/internal/evaluation/task_evaluator.go:476.29,478.101 2 0
github.com/ynl/greensoulai/internal/evaluation/task_evaluator.go:478.101,480.24 2 0
github.com/ynl/greensoulai/internal/evaluation/task_evaluator.go:480.24,482.5 1 0
github.com/ynl/greensoulai/internal/evaluation/task_evaluator.go:486.2,486.20 1 0
github.com/ynl/greensoulai/internal/evaluation/task_evaluator.go:490.72,502.35 3 0
github.com/ynl/greensoulai/internal/evaluation/task_evaluator.go:502.35,503.53 1 0
github.com/ynl/greensoulai/internal/evaluation/task_evaluator.go:503.53,506.32 2 0
github.com/ynl/greensoulai/internal/evaluation/task_evaluator.go:506.32,507.29 1 0
github.com/ynl/greensoulai/internal/evaluation/task_evaluator.go:507.29,511.59 3 0
github.com/ynl/greensoulai/internal/evaluation/task_evaluator.go:511.59,513.7 1 0
github.com/ynl/greensoulai/internal/evaluation/task_evaluator.go:519.2,519.10 1 0
github.com/ynl/greensoulai/internal/evaluation/task_evaluator.go:523.63,542.2 3 0
github.com/ynl/greensoulai/internal/evaluation/task_evaluator.go:545.76,547.19 2 0
github.com/ynl/greensoulai/internal/evaluation/task_evaluator.go:547.19,549.3 1 0
github.com/ynl/greensoulai/internal/evaluation/task_evaluator.go:550.2,550.13 1 0
