mode: set
github.com/ynl/greensoulai/internal/memory/external/external_memory.go:74.191,77.23 2 1
github.com/ynl/greensoulai/internal/memory/external/external_memory.go:77.23,79.3 1 0
github.com/ynl/greensoulai/internal/memory/external/external_memory.go:79.8,82.3 1 1
github.com/ynl/greensoulai/internal/memory/external/external_memory.go:84.2,91.3 2 1
github.com/ynl/greensoulai/internal/memory/external/external_memory.go:95.125,97.21 1 1
github.com/ynl/greensoulai/internal/memory/external/external_memory.go:97.21,99.3 1 0
github.com/ynl/greensoulai/internal/memory/external/external_memory.go:101.2,104.56 3 1
github.com/ynl/greensoulai/internal/memory/external/external_memory.go:108.66,110.44 1 0
github.com/ynl/greensoulai/internal/memory/external/external_memory.go:110.44,111.51 1 0
github.com/ynl/greensoulai/internal/memory/external/external_memory.go:111.51,113.4 1 0
github.com/ynl/greensoulai/internal/memory/external/external_memory.go:116.2,117.12 2 0
github.com/ynl/greensoulai/internal/memory/external/external_memory.go:121.65,122.36 1 0
github.com/ynl/greensoulai/internal/memory/external/external_memory.go:122.36,123.37 1 0
github.com/ynl/greensoulai/internal/memory/external/external_memory.go:123.37,130.4 3 0
github.com/ynl/greensoulai/internal/memory/external/external_memory.go:132.2,132.55 1 0
github.com/ynl/greensoulai/internal/memory/external/external_memory.go:136.57,138.2 1 0
github.com/ynl/greensoulai/internal/memory/external/external_memory.go:141.62,144.36 2 0
github.com/ynl/greensoulai/internal/memory/external/external_memory.go:144.36,145.28 1 0
github.com/ynl/greensoulai/internal/memory/external/external_memory.go:145.28,146.12 1 0
github.com/ynl/greensoulai/internal/memory/external/external_memory.go:149.3,150.17 2 0
github.com/ynl/greensoulai/internal/memory/external/external_memory.go:150.17,152.4 1 0
github.com/ynl/greensoulai/internal/memory/external/external_memory.go:155.2,157.21 2 0
github.com/ynl/greensoulai/internal/memory/external/external_memory.go:157.21,159.3 1 0
github.com/ynl/greensoulai/internal/memory/external/external_memory.go:161.2,161.12 1 0
github.com/ynl/greensoulai/internal/memory/external/external_memory.go:165.84,166.36 1 0
github.com/ynl/greensoulai/internal/memory/external/external_memory.go:166.36,167.37 1 0
github.com/ynl/greensoulai/internal/memory/external/external_memory.go:167.37,168.29 1 0
github.com/ynl/greensoulai/internal/memory/external/external_memory.go:168.29,170.5 1 0
github.com/ynl/greensoulai/internal/memory/external/external_memory.go:172.4,172.27 1 0
github.com/ynl/greensoulai/internal/memory/external/external_memory.go:175.2,175.55 1 0
github.com/ynl/greensoulai/internal/memory/external/external_memory.go:179.131,180.36 1 0
github.com/ynl/greensoulai/internal/memory/external/external_memory.go:180.36,181.37 1 0
github.com/ynl/greensoulai/internal/memory/external/external_memory.go:181.37,182.29 1 0
github.com/ynl/greensoulai/internal/memory/external/external_memory.go:182.29,184.5 1 0
github.com/ynl/greensoulai/internal/memory/external/external_memory.go:186.4,186.42 1 0
github.com/ynl/greensoulai/internal/memory/external/external_memory.go:189.2,189.60 1 0
github.com/ynl/greensoulai/internal/memory/external/external_memory.go:193.153,196.16 2 0
github.com/ynl/greensoulai/internal/memory/external/external_memory.go:196.16,198.3 1 0
github.com/ynl/greensoulai/internal/memory/external/external_memory.go:201.2,202.31 2 0
github.com/ynl/greensoulai/internal/memory/external/external_memory.go:202.31,203.27 1 0
github.com/ynl/greensoulai/internal/memory/external/external_memory.go:203.27,204.103 1 0
github.com/ynl/greensoulai/internal/memory/external/external_memory.go:204.103,206.38 2 0
github.com/ynl/greensoulai/internal/memory/external/external_memory.go:206.38,207.11 1 0
github.com/ynl/greensoulai/internal/memory/external/external_memory.go:213.2,213.29 1 0
github.com/ynl/greensoulai/internal/memory/external/external_memory.go:217.176,220.16 2 0
github.com/ynl/greensoulai/internal/memory/external/external_memory.go:220.16,222.3 1 0
github.com/ynl/greensoulai/internal/memory/external/external_memory.go:225.2,226.31 2 0
github.com/ynl/greensoulai/internal/memory/external/external_memory.go:226.31,227.27 1 0
github.com/ynl/greensoulai/internal/memory/external/external_memory.go:227.27,228.111 1 0
github.com/ynl/greensoulai/internal/memory/external/external_memory.go:228.111,230.38 2 0
github.com/ynl/greensoulai/internal/memory/external/external_memory.go:230.38,231.11 1 0
github.com/ynl/greensoulai/internal/memory/external/external_memory.go:237.2,237.29 1 0
github.com/ynl/greensoulai/internal/memory/external/external_memory.go:241.87,249.2 5 0
github.com/ynl/greensoulai/internal/memory/external/external_memory.go:252.45,256.2 3 1
github.com/ynl/greensoulai/internal/memory/external/external_memory.go:259.61,267.6 6 0
github.com/ynl/greensoulai/internal/memory/external/external_memory.go:267.6,268.10 1 0
github.com/ynl/greensoulai/internal/memory/external/external_memory.go:269.21,270.10 1 0
github.com/ynl/greensoulai/internal/memory/external/external_memory.go:271.19,277.18 4 0
github.com/ynl/greensoulai/internal/memory/external/external_memory.go:277.18,279.19 2 0
github.com/ynl/greensoulai/internal/memory/external/external_memory.go:279.20,282.6 0 0
github.com/ynl/greensoulai/internal/memory/external/external_memory.go:283.10,286.5 1 0
github.com/ynl/greensoulai/internal/memory/external/external_memory.go:292.66,306.36 6 0
github.com/ynl/greensoulai/internal/memory/external/external_memory.go:306.36,309.18 3 0
github.com/ynl/greensoulai/internal/memory/external/external_memory.go:309.18,311.4 1 0
github.com/ynl/greensoulai/internal/memory/external/external_memory.go:314.2,317.15 3 0
github.com/ynl/greensoulai/internal/memory/external/external_memory.go:321.41,326.36 2 1
github.com/ynl/greensoulai/internal/memory/external/external_memory.go:326.36,328.3 1 0
github.com/ynl/greensoulai/internal/memory/external/external_memory.go:331.2,331.30 1 1
github.com/ynl/greensoulai/internal/memory/external/external_memory.go:335.67,338.2 2 1
