mode: set
github.com/ynl/greensoulai/internal/memory/short_term/short_term_memory.go:28.193,33.27 3 1
github.com/ynl/greensoulai/internal/memory/short_term/short_term_memory.go:33.27,35.3 1 1
github.com/ynl/greensoulai/internal/memory/short_term/short_term_memory.go:37.2,37.30 1 1
github.com/ynl/greensoulai/internal/memory/short_term/short_term_memory.go:37.30,41.3 2 0
github.com/ynl/greensoulai/internal/memory/short_term/short_term_memory.go:41.8,43.24 1 1
github.com/ynl/greensoulai/internal/memory/short_term/short_term_memory.go:43.24,45.4 1 0
github.com/ynl/greensoulai/internal/memory/short_term/short_term_memory.go:45.9,48.4 2 1
github.com/ynl/greensoulai/internal/memory/short_term/short_term_memory.go:51.2,56.3 2 1
github.com/ynl/greensoulai/internal/memory/short_term/short_term_memory.go:60.127,62.21 1 0
github.com/ynl/greensoulai/internal/memory/short_term/short_term_memory.go:62.21,64.3 1 0
github.com/ynl/greensoulai/internal/memory/short_term/short_term_memory.go:66.2,70.60 3 0
github.com/ynl/greensoulai/internal/memory/short_term/short_term_memory.go:70.60,72.3 1 0
github.com/ynl/greensoulai/internal/memory/short_term/short_term_memory.go:75.2,75.51 1 0
github.com/ynl/greensoulai/internal/memory/short_term/short_term_memory.go:75.51,77.3 1 0
github.com/ynl/greensoulai/internal/memory/short_term/short_term_memory.go:79.2,79.57 1 0
github.com/ynl/greensoulai/internal/memory/short_term/short_term_memory.go:83.152,84.21 1 0
github.com/ynl/greensoulai/internal/memory/short_term/short_term_memory.go:84.21,86.3 1 0
github.com/ynl/greensoulai/internal/memory/short_term/short_term_memory.go:88.2,91.46 3 0
github.com/ynl/greensoulai/internal/memory/short_term/short_term_memory.go:95.168,96.21 1 0
github.com/ynl/greensoulai/internal/memory/short_term/short_term_memory.go:96.21,98.3 1 0
github.com/ynl/greensoulai/internal/memory/short_term/short_term_memory.go:100.2,103.52 3 0
github.com/ynl/greensoulai/internal/memory/short_term/short_term_memory.go:107.156,110.16 2 0
github.com/ynl/greensoulai/internal/memory/short_term/short_term_memory.go:110.16,112.3 1 0
github.com/ynl/greensoulai/internal/memory/short_term/short_term_memory.go:115.2,116.31 2 0
github.com/ynl/greensoulai/internal/memory/short_term/short_term_memory.go:116.31,117.27 1 0
github.com/ynl/greensoulai/internal/memory/short_term/short_term_memory.go:117.27,118.87 1 0
github.com/ynl/greensoulai/internal/memory/short_term/short_term_memory.go:118.87,120.38 2 0
github.com/ynl/greensoulai/internal/memory/short_term/short_term_memory.go:120.38,121.11 1 0
github.com/ynl/greensoulai/internal/memory/short_term/short_term_memory.go:127.2,127.29 1 0
github.com/ynl/greensoulai/internal/memory/short_term/short_term_memory.go:131.162,134.16 2 0
github.com/ynl/greensoulai/internal/memory/short_term/short_term_memory.go:134.16,136.3 1 0
github.com/ynl/greensoulai/internal/memory/short_term/short_term_memory.go:139.2,140.31 2 0
github.com/ynl/greensoulai/internal/memory/short_term/short_term_memory.go:140.31,141.27 1 0
github.com/ynl/greensoulai/internal/memory/short_term/short_term_memory.go:141.27,142.99 1 0
github.com/ynl/greensoulai/internal/memory/short_term/short_term_memory.go:142.99,144.38 2 0
github.com/ynl/greensoulai/internal/memory/short_term/short_term_memory.go:144.38,145.11 1 0
github.com/ynl/greensoulai/internal/memory/short_term/short_term_memory.go:151.2,151.29 1 0
github.com/ynl/greensoulai/internal/memory/short_term/short_term_memory.go:155.122,159.2 2 0
github.com/ynl/greensoulai/internal/memory/short_term/short_term_memory.go:162.87,166.2 1 0
github.com/ynl/greensoulai/internal/memory/short_term/short_term_memory.go:169.81,173.2 1 0
